<?xml version="1.0" encoding="UTF-8"?>
<testsuite xmlns:xsi="http://www.w3.org/2001/XMLSchema-instance" xsi:noNamespaceSchemaLocation="https://maven.apache.org/surefire/maven-surefire-plugin/xsd/surefire-test-report-3.0.xsd" version="3.0" name="LibraryTest" time="0.074" tests="7" errors="0" skipped="0" failures="0">
  <properties>
[...]
</properties>
  <testcase name="testReturnBookNotCheckedOut" classname="LibraryTest" time="0.027"/>
  <testcase name="testRegisterPatron" classname="LibraryTest" time="0.004"/>
  <testcase name="testListBooksAndPatrons" classname="LibraryTest" time="0.004"/>
  <testcase name="testAddBook" classname="LibraryTest" time="0.0"/>
  <testcase name="testCheckOutNonexistentBook" classname="LibraryTest" time="0.0"/>
  <testcase name="testCalculateFineAfterReturn" classname="LibraryTest" time="0.007"/>
  <testcase name="testAddDuplicateBook" classname="LibraryTest" time="0.006">
    <system-out><![CDATA[Book already exists in the library.
]]></system-out>
  </testcase>
</testsuite>