<?xml version="1.0" encoding="UTF-8"?>
<testsuite xmlns:xsi="http://www.w3.org/2001/XMLSchema-instance" xsi:noNamespaceSchemaLocation="https://maven.apache.org/surefire/maven-surefire-plugin/xsd/surefire-test-report-3.0.xsd" version="3.0" name="LibraryTest" time="0.111" tests="12" errors="0" skipped="0" failures="0">
  <properties>
[...]
</properties>
  <testcase name="testRegisterPatron" classname="LibraryTest" time="0.036"/>
  <testcase name="testListBooksAndPatrons" classname="LibraryTest" time="0.0"/>
  <testcase name="testAddBook" classname="LibraryTest" time="0.001"/>
  <testcase name="testReturnNonCheckedOutBook" classname="LibraryTest" time="0.0"/>
  <testcase name="testCheckOutNonexistentBook" classname="LibraryTest" time="0.005">
    <system-out><![CDATA[Book not available in the library: Nonexistent
]]></system-out>
  </testcase>
  <testcase name="testAddBookWithError" classname="LibraryTest" time="0.002">
    <system-out><![CDATA[Book already exists in the library.
]]></system-out>
  </testcase>
  <testcase name="testCalculateFineAfterReturn" classname="LibraryTest" time="0.014">
    <system-out><![CDATA[Book checked out: Design Patterns to Alice Smith
]]></system-out>
  </testcase>
  <testcase name="testBookCreated" classname="LibraryTest" time="0.003"/>
  <testcase name="testConcurrentBookCheckout" classname="LibraryTest" time="0.005">
    <system-out><![CDATA[Book checked out: Concurrent Programming to User 1
Book already checked out: Concurrent Programming
]]></system-out>
  </testcase>
  <testcase name="testCalculateFine" classname="LibraryTest" time="0.001">
    <system-out><![CDATA[Book checked out: Overdue Book to Late Patron
]]></system-out>
  </testcase>
  <testcase name="testWaitingListFunctionality" classname="LibraryTest" time="0.0">
    <system-out><![CDATA[Book checked out: Popular Book to User 1
User 2 added to waiting list for Popular Book
User 3 added to waiting list for Popular Book
Book checked out: Popular Book to User 2
]]></system-out>
  </testcase>
  <testcase name="testCheckoutUnavailableBook" classname="LibraryTest" time="0.0">
    <system-out><![CDATA[Book checked out: 1984 to User A
Book already checked out: 1984
]]></system-out>
  </testcase>
</testsuite>